2024-04-12T08:20:50.683+03:00  INFO 1252 --- [FinalProject] [main] j.c.d.a.f.FinalProjectApplication        : Starting FinalProjectApplication using Java 21.0.2 with PID 1252 (C:\JavaProjektai\FinalProject\target\classes started by lenovo in C:\JavaProjektai\FinalProject)
2024-04-12T08:20:50.699+03:00  INFO 1252 --- [FinalProject] [main] j.c.d.a.f.FinalProjectApplication        : No active profile set, falling back to 1 default profile: "default"
2024-04-12T08:20:51.655+03:00  INFO 1252 --- [FinalProject] [main] .s.d.r.c.RepositoryConfigurationDelegate : Bootstrapping Spring Data JPA repositories in DEFAULT mode.
2024-04-12T08:20:51.765+03:00  INFO 1252 --- [FinalProject] [main] .s.d.r.c.RepositoryConfigurationDelegate : Finished Spring Data repository scanning in 95 ms. Found 1 JPA repository interface.
2024-04-12T08:20:52.635+03:00  INFO 1252 --- [FinalProject] [main] o.s.b.w.embedded.tomcat.TomcatWebServer  : Tomcat initialized with port 8080 (http)
2024-04-12T08:20:52.654+03:00  INFO 1252 --- [FinalProject] [main] o.apache.catalina.core.StandardService   : Starting service [Tomcat]
2024-04-12T08:20:52.654+03:00  INFO 1252 --- [FinalProject] [main] o.apache.catalina.core.StandardEngine    : Starting Servlet engine: [Apache Tomcat/10.1.19]
2024-04-12T08:20:52.721+03:00  INFO 1252 --- [FinalProject] [main] o.a.c.c.C.[Tomcat].[localhost].[/]       : Initializing Spring embedded WebApplicationContext
2024-04-12T08:20:52.722+03:00  INFO 1252 --- [FinalProject] [main] w.s.c.ServletWebServerApplicationContext : Root WebApplicationContext: initialization completed in 1952 ms
2024-04-12T08:20:52.968+03:00  INFO 1252 --- [FinalProject] [main] o.hibernate.jpa.internal.util.LogHelper  : HHH000204: Processing PersistenceUnitInfo [name: default]
2024-04-12T08:20:53.072+03:00  INFO 1252 --- [FinalProject] [main] org.hibernate.Version                    : HHH000412: Hibernate ORM core version 6.4.4.Final
2024-04-12T08:20:53.127+03:00  INFO 1252 --- [FinalProject] [main] o.h.c.internal.RegionFactoryInitiator    : HHH000026: Second-level cache disabled
2024-04-12T08:20:53.618+03:00  INFO 1252 --- [FinalProject] [main] o.s.o.j.p.SpringPersistenceUnitInfo      : No LoadTimeWeaver setup: ignoring JPA class transformer
2024-04-12T08:20:53.653+03:00  INFO 1252 --- [FinalProject] [main] com.zaxxer.hikari.HikariDataSource       : HikariPool-1 - Starting...
2024-04-12T08:20:54.744+03:00  INFO 1252 --- [FinalProject] [main] com.zaxxer.hikari.pool.HikariPool        : HikariPool-1 - Added connection com.mysql.cj.jdbc.ConnectionImpl@59933644
2024-04-12T08:20:54.746+03:00  INFO 1252 --- [FinalProject] [main] com.zaxxer.hikari.HikariDataSource       : HikariPool-1 - Start completed.
2024-04-12T08:20:55.664+03:00  INFO 1252 --- [FinalProject] [main] o.h.m.i.EntityInstantiatorPojoStandard   : HHH000182: No default (no-argument) constructor for class: javau9.ca.db.abc.finalprojectalternativehf.Models.Recipe (class must be instantiated by Interceptor)
2024-04-12T08:20:55.695+03:00  INFO 1252 --- [FinalProject] [main] o.h.m.i.EntityInstantiatorPojoStandard   : HHH000182: No default (no-argument) constructor for class: javau9.ca.db.abc.finalprojectalternativehf.Models.Favorite (class must be instantiated by Interceptor)
2024-04-12T08:20:55.710+03:00  INFO 1252 --- [FinalProject] [main] o.h.m.i.EntityInstantiatorPojoStandard   : HHH000182: No default (no-argument) constructor for class: javau9.ca.db.abc.finalprojectalternativehf.Models.SimpleUser (class must be instantiated by Interceptor)
2024-04-12T08:20:55.720+03:00  INFO 1252 --- [FinalProject] [main] o.h.m.i.EntityInstantiatorPojoStandard   : HHH000182: No default (no-argument) constructor for class: javau9.ca.db.abc.finalprojectalternativehf.Models.Subscription (class must be instantiated by Interceptor)
2024-04-12T08:20:55.732+03:00  INFO 1252 --- [FinalProject] [main] o.h.m.i.EntityInstantiatorPojoStandard   : HHH000182: No default (no-argument) constructor for class: javau9.ca.db.abc.finalprojectalternativehf.Models.Product (class must be instantiated by Interceptor)
2024-04-12T08:20:55.946+03:00  INFO 1252 --- [FinalProject] [main] o.h.e.t.j.p.i.JtaPlatformInitiator       : HHH000489: No JTA platform available (set 'hibernate.transaction.jta.platform' to enable JTA platform integration)
2024-04-12T08:20:56.360+03:00  INFO 1252 --- [FinalProject] [main] j.LocalContainerEntityManagerFactoryBean : Initialized JPA EntityManagerFactory for persistence unit 'default'
2024-04-12T08:20:56.867+03:00  WARN 1252 --- [FinalProject] [main] JpaBaseConfiguration$JpaWebConfiguration : spring.jpa.open-in-view is enabled by default. Therefore, database queries may be performed during view rendering. Explicitly configure spring.jpa.open-in-view to disable this warning
2024-04-12T08:20:57.333+03:00  WARN 1252 --- [FinalProject] [main] .s.s.UserDetailsServiceAutoConfiguration : 

Using generated security password: a98643e5-4960-48b6-98f4-155de3c4916c

This generated password is for development use only. Your security configuration must be updated before running your application in production.

2024-04-12T08:20:57.494+03:00  INFO 1252 --- [FinalProject] [main] o.s.s.web.DefaultSecurityFilterChain     : Will secure any request with [org.springframework.security.web.session.DisableEncodeUrlFilter@2b33f7a0, org.springframework.security.web.context.request.async.WebAsyncManagerIntegrationFilter@71b6edfb, org.springframework.security.web.context.SecurityContextHolderFilter@1a67bcaf, org.springframework.security.web.header.HeaderWriterFilter@5aa461, org.springframework.web.filter.CorsFilter@2f541f60, org.springframework.security.web.csrf.CsrfFilter@1415f18d, org.springframework.security.web.authentication.logout.LogoutFilter@63e81ac6, org.springframework.security.web.authentication.UsernamePasswordAuthenticationFilter@55159007, org.springframework.security.web.authentication.ui.DefaultLoginPageGeneratingFilter@2c989d82, org.springframework.security.web.authentication.ui.DefaultLogoutPageGeneratingFilter@1dcc0bb8, org.springframework.security.web.authentication.www.BasicAuthenticationFilter@3b9c386d, org.springframework.security.web.savedrequest.RequestCacheAwareFilter@334ac669, org.springframework.security.web.servletapi.SecurityContextHolderAwareRequestFilter@77430c79, org.springframework.security.web.authentication.AnonymousAuthenticationFilter@29767156, org.springframework.security.web.access.ExceptionTranslationFilter@2d6e09f0, org.springframework.security.web.access.intercept.AuthorizationFilter@63d43a5]
2024-04-12T08:20:57.601+03:00  INFO 1252 --- [FinalProject] [main] o.s.b.w.embedded.tomcat.TomcatWebServer  : Tomcat started on port 8080 (http) with context path ''
2024-04-12T08:20:57.611+03:00  INFO 1252 --- [FinalProject] [main] j.c.d.a.f.FinalProjectApplication        : Started FinalProjectApplication in 7.481 seconds (process running for 8.778)
2024-04-12T08:25:03.811+03:00  INFO 1252 --- [FinalProject] [http-nio-8080-exec-1] o.a.c.c.C.[Tomcat].[localhost].[/]       : Initializing Spring DispatcherServlet 'dispatcherServlet'
2024-04-12T08:25:03.812+03:00  INFO 1252 --- [FinalProject] [http-nio-8080-exec-1] o.s.web.servlet.DispatcherServlet        : Initializing Servlet 'dispatcherServlet'
2024-04-12T08:25:03.813+03:00  INFO 1252 --- [FinalProject] [http-nio-8080-exec-1] o.s.web.servlet.DispatcherServlet        : Completed initialization in 1 ms
2024-04-12T08:29:09.810+03:00  INFO 1252 --- [FinalProject] [SpringApplicationShutdownHook] j.LocalContainerEntityManagerFactoryBean : Closing JPA EntityManagerFactory for persistence unit 'default'
2024-04-12T08:29:09.813+03:00  INFO 1252 --- [FinalProject] [SpringApplicationShutdownHook] com.zaxxer.hikari.HikariDataSource       : HikariPool-1 - Shutdown initiated...
2024-04-12T08:29:09.827+03:00  INFO 1252 --- [FinalProject] [SpringApplicationShutdownHook] com.zaxxer.hikari.HikariDataSource       : HikariPool-1 - Shutdown completed.
2024-04-12T08:29:13.453+03:00  INFO 25660 --- [FinalProject] [main] j.c.d.a.f.FinalProjectApplication        : Starting FinalProjectApplication using Java 21.0.2 with PID 25660 (C:\JavaProjektai\FinalProject\target\classes started by lenovo in C:\JavaProjektai\FinalProject)
2024-04-12T08:29:13.456+03:00  INFO 25660 --- [FinalProject] [main] j.c.d.a.f.FinalProjectApplication        : No active profile set, falling back to 1 default profile: "default"
2024-04-12T08:29:14.567+03:00  INFO 25660 --- [FinalProject] [main] .s.d.r.c.RepositoryConfigurationDelegate : Bootstrapping Spring Data JPA repositories in DEFAULT mode.
2024-04-12T08:29:14.672+03:00  INFO 25660 --- [FinalProject] [main] .s.d.r.c.RepositoryConfigurationDelegate : Finished Spring Data repository scanning in 90 ms. Found 1 JPA repository interface.
2024-04-12T08:29:15.537+03:00  INFO 25660 --- [FinalProject] [main] o.s.b.w.embedded.tomcat.TomcatWebServer  : Tomcat initialized with port 8080 (http)
2024-04-12T08:29:15.554+03:00  INFO 25660 --- [FinalProject] [main] o.apache.catalina.core.StandardService   : Starting service [Tomcat]
2024-04-12T08:29:15.555+03:00  INFO 25660 --- [FinalProject] [main] o.apache.catalina.core.StandardEngine    : Starting Servlet engine: [Apache Tomcat/10.1.19]
2024-04-12T08:29:15.636+03:00  INFO 25660 --- [FinalProject] [main] o.a.c.c.C.[Tomcat].[localhost].[/]       : Initializing Spring embedded WebApplicationContext
2024-04-12T08:29:15.637+03:00  INFO 25660 --- [FinalProject] [main] w.s.c.ServletWebServerApplicationContext : Root WebApplicationContext: initialization completed in 2117 ms
2024-04-12T08:29:15.873+03:00  INFO 25660 --- [FinalProject] [main] o.hibernate.jpa.internal.util.LogHelper  : HHH000204: Processing PersistenceUnitInfo [name: default]
2024-04-12T08:29:15.971+03:00  INFO 25660 --- [FinalProject] [main] org.hibernate.Version                    : HHH000412: Hibernate ORM core version 6.4.4.Final
2024-04-12T08:29:16.015+03:00  INFO 25660 --- [FinalProject] [main] o.h.c.internal.RegionFactoryInitiator    : HHH000026: Second-level cache disabled
2024-04-12T08:29:16.311+03:00  INFO 25660 --- [FinalProject] [main] o.s.o.j.p.SpringPersistenceUnitInfo      : No LoadTimeWeaver setup: ignoring JPA class transformer
2024-04-12T08:29:16.339+03:00  INFO 25660 --- [FinalProject] [main] com.zaxxer.hikari.HikariDataSource       : HikariPool-1 - Starting...
2024-04-12T08:29:16.775+03:00  INFO 25660 --- [FinalProject] [main] com.zaxxer.hikari.pool.HikariPool        : HikariPool-1 - Added connection com.mysql.cj.jdbc.ConnectionImpl@1a2724d3
2024-04-12T08:29:16.777+03:00  INFO 25660 --- [FinalProject] [main] com.zaxxer.hikari.HikariDataSource       : HikariPool-1 - Start completed.
2024-04-12T08:29:17.657+03:00  INFO 25660 --- [FinalProject] [main] o.h.m.i.EntityInstantiatorPojoStandard   : HHH000182: No default (no-argument) constructor for class: javau9.ca.db.abc.finalprojectalternativehf.Models.Recipe (class must be instantiated by Interceptor)
2024-04-12T08:29:17.685+03:00  INFO 25660 --- [FinalProject] [main] o.h.m.i.EntityInstantiatorPojoStandard   : HHH000182: No default (no-argument) constructor for class: javau9.ca.db.abc.finalprojectalternativehf.Models.Favorite (class must be instantiated by Interceptor)
2024-04-12T08:29:17.699+03:00  INFO 25660 --- [FinalProject] [main] o.h.m.i.EntityInstantiatorPojoStandard   : HHH000182: No default (no-argument) constructor for class: javau9.ca.db.abc.finalprojectalternativehf.Models.SimpleUser (class must be instantiated by Interceptor)
2024-04-12T08:29:17.714+03:00  INFO 25660 --- [FinalProject] [main] o.h.m.i.EntityInstantiatorPojoStandard   : HHH000182: No default (no-argument) constructor for class: javau9.ca.db.abc.finalprojectalternativehf.Models.Subscription (class must be instantiated by Interceptor)
2024-04-12T08:29:17.725+03:00  INFO 25660 --- [FinalProject] [main] o.h.m.i.EntityInstantiatorPojoStandard   : HHH000182: No default (no-argument) constructor for class: javau9.ca.db.abc.finalprojectalternativehf.Models.Product (class must be instantiated by Interceptor)
2024-04-12T08:29:17.918+03:00  INFO 25660 --- [FinalProject] [main] o.h.e.t.j.p.i.JtaPlatformInitiator       : HHH000489: No JTA platform available (set 'hibernate.transaction.jta.platform' to enable JTA platform integration)
2024-04-12T08:29:18.010+03:00  INFO 25660 --- [FinalProject] [main] j.LocalContainerEntityManagerFactoryBean : Initialized JPA EntityManagerFactory for persistence unit 'default'
2024-04-12T08:29:18.530+03:00  WARN 25660 --- [FinalProject] [main] JpaBaseConfiguration$JpaWebConfiguration : spring.jpa.open-in-view is enabled by default. Therefore, database queries may be performed during view rendering. Explicitly configure spring.jpa.open-in-view to disable this warning
2024-04-12T08:29:18.928+03:00  WARN 25660 --- [FinalProject] [main] .s.s.UserDetailsServiceAutoConfiguration : 

Using generated security password: 53b95c53-8901-4d4a-9c3d-8b79539e2fe2

This generated password is for development use only. Your security configuration must be updated before running your application in production.

2024-04-12T08:29:19.086+03:00  INFO 25660 --- [FinalProject] [main] o.s.s.web.DefaultSecurityFilterChain     : Will secure any request with [org.springframework.security.web.session.DisableEncodeUrlFilter@2e7dd504, org.springframework.security.web.context.request.async.WebAsyncManagerIntegrationFilter@3e5febe9, org.springframework.security.web.context.SecurityContextHolderFilter@7c4de811, org.springframework.security.web.header.HeaderWriterFilter@28721794, org.springframework.web.filter.CorsFilter@5643052d, org.springframework.security.web.csrf.CsrfFilter@397b5b2d, org.springframework.security.web.authentication.logout.LogoutFilter@5101b9, org.springframework.security.web.authentication.UsernamePasswordAuthenticationFilter@5aa461, org.springframework.security.web.authentication.ui.DefaultLoginPageGeneratingFilter@287dde94, org.springframework.security.web.authentication.ui.DefaultLogoutPageGeneratingFilter@5e0b7f58, org.springframework.security.web.authentication.www.BasicAuthenticationFilter@4e3bc13b, org.springframework.security.web.savedrequest.RequestCacheAwareFilter@4830c979, org.springframework.security.web.servletapi.SecurityContextHolderAwareRequestFilter@d98ce13, org.springframework.security.web.authentication.AnonymousAuthenticationFilter@1e9e4468, org.springframework.security.web.access.ExceptionTranslationFilter@5f14eb51, org.springframework.security.web.access.intercept.AuthorizationFilter@257da215]
2024-04-12T08:29:19.161+03:00  INFO 25660 --- [FinalProject] [main] o.s.b.w.embedded.tomcat.TomcatWebServer  : Tomcat started on port 8080 (http) with context path ''
2024-04-12T08:29:19.171+03:00  INFO 25660 --- [FinalProject] [main] j.c.d.a.f.FinalProjectApplication        : Started FinalProjectApplication in 6.369 seconds (process running for 6.988)
2024-04-12T08:29:31.794+03:00  INFO 25660 --- [FinalProject] [http-nio-8080-exec-2] o.a.c.c.C.[Tomcat].[localhost].[/]       : Initializing Spring DispatcherServlet 'dispatcherServlet'
2024-04-12T08:29:31.794+03:00  INFO 25660 --- [FinalProject] [http-nio-8080-exec-2] o.s.web.servlet.DispatcherServlet        : Initializing Servlet 'dispatcherServlet'
2024-04-12T08:29:31.797+03:00  INFO 25660 --- [FinalProject] [http-nio-8080-exec-2] o.s.web.servlet.DispatcherServlet        : Completed initialization in 2 ms
2024-04-12T08:44:19.040+03:00  INFO 25660 --- [FinalProject] [SpringApplicationShutdownHook] j.LocalContainerEntityManagerFactoryBean : Closing JPA EntityManagerFactory for persistence unit 'default'
2024-04-12T08:44:19.043+03:00  INFO 25660 --- [FinalProject] [SpringApplicationShutdownHook] com.zaxxer.hikari.HikariDataSource       : HikariPool-1 - Shutdown initiated...
2024-04-12T08:44:19.057+03:00  INFO 25660 --- [FinalProject] [SpringApplicationShutdownHook] com.zaxxer.hikari.HikariDataSource       : HikariPool-1 - Shutdown completed.
2024-04-12T08:44:22.492+03:00  INFO 23352 --- [FinalProject] [main] j.c.d.a.f.FinalProjectApplication        : Starting FinalProjectApplication using Java 21.0.2 with PID 23352 (C:\JavaProjektai\FinalProject\target\classes started by lenovo in C:\JavaProjektai\FinalProject)
2024-04-12T08:44:22.495+03:00  INFO 23352 --- [FinalProject] [main] j.c.d.a.f.FinalProjectApplication        : No active profile set, falling back to 1 default profile: "default"
2024-04-12T08:44:23.400+03:00  INFO 23352 --- [FinalProject] [main] .s.d.r.c.RepositoryConfigurationDelegate : Bootstrapping Spring Data JPA repositories in DEFAULT mode.
2024-04-12T08:44:23.486+03:00  INFO 23352 --- [FinalProject] [main] .s.d.r.c.RepositoryConfigurationDelegate : Finished Spring Data repository scanning in 74 ms. Found 1 JPA repository interface.
2024-04-12T08:44:24.283+03:00  INFO 23352 --- [FinalProject] [main] o.s.b.w.embedded.tomcat.TomcatWebServer  : Tomcat initialized with port 8080 (http)
2024-04-12T08:44:24.302+03:00  INFO 23352 --- [FinalProject] [main] o.apache.catalina.core.StandardService   : Starting service [Tomcat]
2024-04-12T08:44:24.302+03:00  INFO 23352 --- [FinalProject] [main] o.apache.catalina.core.StandardEngine    : Starting Servlet engine: [Apache Tomcat/10.1.19]
2024-04-12T08:44:24.399+03:00  INFO 23352 --- [FinalProject] [main] o.a.c.c.C.[Tomcat].[localhost].[/]       : Initializing Spring embedded WebApplicationContext
2024-04-12T08:44:24.399+03:00  INFO 23352 --- [FinalProject] [main] w.s.c.ServletWebServerApplicationContext : Root WebApplicationContext: initialization completed in 1841 ms
2024-04-12T08:44:24.621+03:00  INFO 23352 --- [FinalProject] [main] o.hibernate.jpa.internal.util.LogHelper  : HHH000204: Processing PersistenceUnitInfo [name: default]
2024-04-12T08:44:24.711+03:00  INFO 23352 --- [FinalProject] [main] org.hibernate.Version                    : HHH000412: Hibernate ORM core version 6.4.4.Final
2024-04-12T08:44:24.762+03:00  INFO 23352 --- [FinalProject] [main] o.h.c.internal.RegionFactoryInitiator    : HHH000026: Second-level cache disabled
2024-04-12T08:44:25.089+03:00  INFO 23352 --- [FinalProject] [main] o.s.o.j.p.SpringPersistenceUnitInfo      : No LoadTimeWeaver setup: ignoring JPA class transformer
2024-04-12T08:44:25.121+03:00  INFO 23352 --- [FinalProject] [main] com.zaxxer.hikari.HikariDataSource       : HikariPool-1 - Starting...
2024-04-12T08:44:25.535+03:00  INFO 23352 --- [FinalProject] [main] com.zaxxer.hikari.pool.HikariPool        : HikariPool-1 - Added connection com.mysql.cj.jdbc.ConnectionImpl@8383a14
2024-04-12T08:44:25.538+03:00  INFO 23352 --- [FinalProject] [main] com.zaxxer.hikari.HikariDataSource       : HikariPool-1 - Start completed.
2024-04-12T08:44:26.418+03:00  INFO 23352 --- [FinalProject] [main] o.h.m.i.EntityInstantiatorPojoStandard   : HHH000182: No default (no-argument) constructor for class: javau9.ca.db.abc.finalprojectalternativehf.Models.Recipe (class must be instantiated by Interceptor)
2024-04-12T08:44:26.448+03:00  INFO 23352 --- [FinalProject] [main] o.h.m.i.EntityInstantiatorPojoStandard   : HHH000182: No default (no-argument) constructor for class: javau9.ca.db.abc.finalprojectalternativehf.Models.Favorite (class must be instantiated by Interceptor)
2024-04-12T08:44:26.464+03:00  INFO 23352 --- [FinalProject] [main] o.h.m.i.EntityInstantiatorPojoStandard   : HHH000182: No default (no-argument) constructor for class: javau9.ca.db.abc.finalprojectalternativehf.Models.SimpleUser (class must be instantiated by Interceptor)
2024-04-12T08:44:26.475+03:00  INFO 23352 --- [FinalProject] [main] o.h.m.i.EntityInstantiatorPojoStandard   : HHH000182: No default (no-argument) constructor for class: javau9.ca.db.abc.finalprojectalternativehf.Models.Subscription (class must be instantiated by Interceptor)
2024-04-12T08:44:26.493+03:00  INFO 23352 --- [FinalProject] [main] o.h.m.i.EntityInstantiatorPojoStandard   : HHH000182: No default (no-argument) constructor for class: javau9.ca.db.abc.finalprojectalternativehf.Models.Product (class must be instantiated by Interceptor)
2024-04-12T08:44:26.697+03:00  INFO 23352 --- [FinalProject] [main] o.h.e.t.j.p.i.JtaPlatformInitiator       : HHH000489: No JTA platform available (set 'hibernate.transaction.jta.platform' to enable JTA platform integration)
2024-04-12T08:44:26.793+03:00  INFO 23352 --- [FinalProject] [main] j.LocalContainerEntityManagerFactoryBean : Initialized JPA EntityManagerFactory for persistence unit 'default'
2024-04-12T08:44:27.223+03:00  WARN 23352 --- [FinalProject] [main] ConfigServletWebServerApplicationContext : Exception encountered during context initialization - cancelling refresh attempt: org.springframework.beans.factory.UnsatisfiedDependencyException: Error creating bean with name 'simpleUserController' defined in file [C:\JavaProjektai\FinalProject\target\classes\javau9\ca\db\abc\finalprojectalternativehf\Controllers\SimpleUserController.class]: Unsatisfied dependency expressed through constructor parameter 0: Error creating bean with name 'simpleUserServiceImpl' defined in file [C:\JavaProjektai\FinalProject\target\classes\javau9\ca\db\abc\finalprojectalternativehf\Service\Implementations\SimpleUserServiceImpl.class]: Unsatisfied dependency expressed through constructor parameter 1: No qualifying bean of type 'org.springframework.security.crypto.password.PasswordEncoder' available: expected at least 1 bean which qualifies as autowire candidate. Dependency annotations: {}
2024-04-12T08:44:27.224+03:00  INFO 23352 --- [FinalProject] [main] j.LocalContainerEntityManagerFactoryBean : Closing JPA EntityManagerFactory for persistence unit 'default'
2024-04-12T08:44:27.226+03:00  INFO 23352 --- [FinalProject] [main] com.zaxxer.hikari.HikariDataSource       : HikariPool-1 - Shutdown initiated...
2024-04-12T08:44:27.450+03:00  INFO 23352 --- [FinalProject] [main] com.zaxxer.hikari.HikariDataSource       : HikariPool-1 - Shutdown completed.
2024-04-12T08:44:27.452+03:00  INFO 23352 --- [FinalProject] [main] o.apache.catalina.core.StandardService   : Stopping service [Tomcat]
2024-04-12T08:44:27.463+03:00  INFO 23352 --- [FinalProject] [main] .s.b.a.l.ConditionEvaluationReportLogger : 

Error starting ApplicationContext. To display the condition evaluation report re-run your application with 'debug' enabled.
2024-04-12T08:44:27.493+03:00 ERROR 23352 --- [FinalProject] [main] o.s.b.d.LoggingFailureAnalysisReporter   : 

***************************
APPLICATION FAILED TO START
***************************

Description:

Parameter 1 of constructor in javau9.ca.db.abc.finalprojectalternativehf.Service.Implementations.SimpleUserServiceImpl required a bean of type 'org.springframework.security.crypto.password.PasswordEncoder' that could not be found.


Action:

Consider defining a bean of type 'org.springframework.security.crypto.password.PasswordEncoder' in your configuration.

2024-04-12T08:45:54.583+03:00  INFO 10740 --- [FinalProject] [main] j.c.d.a.f.FinalProjectApplication        : Starting FinalProjectApplication using Java 21.0.2 with PID 10740 (C:\JavaProjektai\FinalProject\target\classes started by lenovo in C:\JavaProjektai\FinalProject)
2024-04-12T08:45:54.586+03:00  INFO 10740 --- [FinalProject] [main] j.c.d.a.f.FinalProjectApplication        : No active profile set, falling back to 1 default profile: "default"
2024-04-12T08:45:55.528+03:00  INFO 10740 --- [FinalProject] [main] .s.d.r.c.RepositoryConfigurationDelegate : Bootstrapping Spring Data JPA repositories in DEFAULT mode.
2024-04-12T08:45:55.614+03:00  INFO 10740 --- [FinalProject] [main] .s.d.r.c.RepositoryConfigurationDelegate : Finished Spring Data repository scanning in 73 ms. Found 1 JPA repository interface.
2024-04-12T08:45:56.454+03:00  INFO 10740 --- [FinalProject] [main] o.s.b.w.embedded.tomcat.TomcatWebServer  : Tomcat initialized with port 8080 (http)
2024-04-12T08:45:56.469+03:00  INFO 10740 --- [FinalProject] [main] o.apache.catalina.core.StandardService   : Starting service [Tomcat]
2024-04-12T08:45:56.469+03:00  INFO 10740 --- [FinalProject] [main] o.apache.catalina.core.StandardEngine    : Starting Servlet engine: [Apache Tomcat/10.1.19]
2024-04-12T08:45:56.550+03:00  INFO 10740 --- [FinalProject] [main] o.a.c.c.C.[Tomcat].[localhost].[/]       : Initializing Spring embedded WebApplicationContext
2024-04-12T08:45:56.551+03:00  INFO 10740 --- [FinalProject] [main] w.s.c.ServletWebServerApplicationContext : Root WebApplicationContext: initialization completed in 1899 ms
2024-04-12T08:45:56.799+03:00  INFO 10740 --- [FinalProject] [main] o.hibernate.jpa.internal.util.LogHelper  : HHH000204: Processing PersistenceUnitInfo [name: default]
2024-04-12T08:45:56.894+03:00  INFO 10740 --- [FinalProject] [main] org.hibernate.Version                    : HHH000412: Hibernate ORM core version 6.4.4.Final
2024-04-12T08:45:56.949+03:00  INFO 10740 --- [FinalProject] [main] o.h.c.internal.RegionFactoryInitiator    : HHH000026: Second-level cache disabled
2024-04-12T08:45:57.322+03:00  INFO 10740 --- [FinalProject] [main] o.s.o.j.p.SpringPersistenceUnitInfo      : No LoadTimeWeaver setup: ignoring JPA class transformer
2024-04-12T08:45:57.355+03:00  INFO 10740 --- [FinalProject] [main] com.zaxxer.hikari.HikariDataSource       : HikariPool-1 - Starting...
2024-04-12T08:45:57.845+03:00  INFO 10740 --- [FinalProject] [main] com.zaxxer.hikari.pool.HikariPool        : HikariPool-1 - Added connection com.mysql.cj.jdbc.ConnectionImpl@8383a14
2024-04-12T08:45:57.848+03:00  INFO 10740 --- [FinalProject] [main] com.zaxxer.hikari.HikariDataSource       : HikariPool-1 - Start completed.
2024-04-12T08:45:58.829+03:00  INFO 10740 --- [FinalProject] [main] o.h.m.i.EntityInstantiatorPojoStandard   : HHH000182: No default (no-argument) constructor for class: javau9.ca.db.abc.finalprojectalternativehf.Models.Recipe (class must be instantiated by Interceptor)
2024-04-12T08:45:58.863+03:00  INFO 10740 --- [FinalProject] [main] o.h.m.i.EntityInstantiatorPojoStandard   : HHH000182: No default (no-argument) constructor for class: javau9.ca.db.abc.finalprojectalternativehf.Models.Favorite (class must be instantiated by Interceptor)
2024-04-12T08:45:58.878+03:00  INFO 10740 --- [FinalProject] [main] o.h.m.i.EntityInstantiatorPojoStandard   : HHH000182: No default (no-argument) constructor for class: javau9.ca.db.abc.finalprojectalternativehf.Models.SimpleUser (class must be instantiated by Interceptor)
2024-04-12T08:45:58.896+03:00  INFO 10740 --- [FinalProject] [main] o.h.m.i.EntityInstantiatorPojoStandard   : HHH000182: No default (no-argument) constructor for class: javau9.ca.db.abc.finalprojectalternativehf.Models.Subscription (class must be instantiated by Interceptor)
2024-04-12T08:45:58.916+03:00  INFO 10740 --- [FinalProject] [main] o.h.m.i.EntityInstantiatorPojoStandard   : HHH000182: No default (no-argument) constructor for class: javau9.ca.db.abc.finalprojectalternativehf.Models.Product (class must be instantiated by Interceptor)
2024-04-12T08:45:59.156+03:00  INFO 10740 --- [FinalProject] [main] o.h.e.t.j.p.i.JtaPlatformInitiator       : HHH000489: No JTA platform available (set 'hibernate.transaction.jta.platform' to enable JTA platform integration)
2024-04-12T08:45:59.253+03:00  INFO 10740 --- [FinalProject] [main] j.LocalContainerEntityManagerFactoryBean : Initialized JPA EntityManagerFactory for persistence unit 'default'
2024-04-12T08:45:59.766+03:00  WARN 10740 --- [FinalProject] [main] JpaBaseConfiguration$JpaWebConfiguration : spring.jpa.open-in-view is enabled by default. Therefore, database queries may be performed during view rendering. Explicitly configure spring.jpa.open-in-view to disable this warning
2024-04-12T08:46:00.212+03:00  WARN 10740 --- [FinalProject] [main] .s.s.UserDetailsServiceAutoConfiguration : 

Using generated security password: 25f659e8-7619-477a-81e1-1244d912f24d

This generated password is for development use only. Your security configuration must be updated before running your application in production.

2024-04-12T08:46:00.397+03:00  INFO 10740 --- [FinalProject] [main] o.s.s.web.DefaultSecurityFilterChain     : Will secure any request with [org.springframework.security.web.session.DisableEncodeUrlFilter@e0c03bd, org.springframework.security.web.context.request.async.WebAsyncManagerIntegrationFilter@61e4a072, org.springframework.security.web.context.SecurityContextHolderFilter@6f9e6a85, org.springframework.security.web.header.HeaderWriterFilter@f83616, org.springframework.web.filter.CorsFilter@32f2de5c, org.springframework.security.web.csrf.CsrfFilter@44ec6637, org.springframework.security.web.authentication.logout.LogoutFilter@6764201e, org.springframework.security.web.authentication.UsernamePasswordAuthenticationFilter@d98ce13, org.springframework.security.web.authentication.ui.DefaultLoginPageGeneratingFilter@7d31fb6c, org.springframework.security.web.authentication.ui.DefaultLogoutPageGeneratingFilter@1a6df932, org.springframework.security.web.authentication.www.BasicAuthenticationFilter@38eafdab, org.springframework.security.web.savedrequest.RequestCacheAwareFilter@6a1b4854, org.springframework.security.web.servletapi.SecurityContextHolderAwareRequestFilter@6a175162, org.springframework.security.web.authentication.AnonymousAuthenticationFilter@74120029, org.springframework.security.web.access.ExceptionTranslationFilter@235d46b2, org.springframework.security.web.access.intercept.AuthorizationFilter@4830c979]
2024-04-12T08:46:00.494+03:00  INFO 10740 --- [FinalProject] [main] o.s.b.w.embedded.tomcat.TomcatWebServer  : Tomcat started on port 8080 (http) with context path ''
2024-04-12T08:46:00.506+03:00  INFO 10740 --- [FinalProject] [main] j.c.d.a.f.FinalProjectApplication        : Started FinalProjectApplication in 6.53 seconds (process running for 7.064)
2024-04-12T08:46:19.008+03:00  INFO 10740 --- [FinalProject] [http-nio-8080-exec-2] o.a.c.c.C.[Tomcat].[localhost].[/]       : Initializing Spring DispatcherServlet 'dispatcherServlet'
2024-04-12T08:46:19.008+03:00  INFO 10740 --- [FinalProject] [http-nio-8080-exec-2] o.s.web.servlet.DispatcherServlet        : Initializing Servlet 'dispatcherServlet'
2024-04-12T08:46:19.009+03:00  INFO 10740 --- [FinalProject] [http-nio-8080-exec-2] o.s.web.servlet.DispatcherServlet        : Completed initialization in 1 ms
2024-04-12T08:51:15.570+03:00  INFO 10740 --- [FinalProject] [SpringApplicationShutdownHook] j.LocalContainerEntityManagerFactoryBean : Closing JPA EntityManagerFactory for persistence unit 'default'
2024-04-12T08:51:15.572+03:00  INFO 10740 --- [FinalProject] [SpringApplicationShutdownHook] com.zaxxer.hikari.HikariDataSource       : HikariPool-1 - Shutdown initiated...
2024-04-12T08:51:15.584+03:00  INFO 10740 --- [FinalProject] [SpringApplicationShutdownHook] com.zaxxer.hikari.HikariDataSource       : HikariPool-1 - Shutdown completed.
2024-04-12T08:51:18.964+03:00  INFO 22928 --- [FinalProject] [main] j.c.d.a.f.FinalProjectApplication        : Starting FinalProjectApplication using Java 21.0.2 with PID 22928 (C:\JavaProjektai\FinalProject\target\classes started by lenovo in C:\JavaProjektai\FinalProject)
2024-04-12T08:51:18.966+03:00  INFO 22928 --- [FinalProject] [main] j.c.d.a.f.FinalProjectApplication        : No active profile set, falling back to 1 default profile: "default"
2024-04-12T08:51:19.872+03:00  INFO 22928 --- [FinalProject] [main] .s.d.r.c.RepositoryConfigurationDelegate : Bootstrapping Spring Data JPA repositories in DEFAULT mode.
2024-04-12T08:51:19.960+03:00  INFO 22928 --- [FinalProject] [main] .s.d.r.c.RepositoryConfigurationDelegate : Finished Spring Data repository scanning in 77 ms. Found 1 JPA repository interface.
2024-04-12T08:51:20.722+03:00  INFO 22928 --- [FinalProject] [main] o.s.b.w.embedded.tomcat.TomcatWebServer  : Tomcat initialized with port 8080 (http)
2024-04-12T08:51:20.736+03:00  INFO 22928 --- [FinalProject] [main] o.apache.catalina.core.StandardService   : Starting service [Tomcat]
2024-04-12T08:51:20.737+03:00  INFO 22928 --- [FinalProject] [main] o.apache.catalina.core.StandardEngine    : Starting Servlet engine: [Apache Tomcat/10.1.19]
2024-04-12T08:51:20.808+03:00  INFO 22928 --- [FinalProject] [main] o.a.c.c.C.[Tomcat].[localhost].[/]       : Initializing Spring embedded WebApplicationContext
2024-04-12T08:51:20.808+03:00  INFO 22928 --- [FinalProject] [main] w.s.c.ServletWebServerApplicationContext : Root WebApplicationContext: initialization completed in 1778 ms
2024-04-12T08:51:21.046+03:00  INFO 22928 --- [FinalProject] [main] o.hibernate.jpa.internal.util.LogHelper  : HHH000204: Processing PersistenceUnitInfo [name: default]
2024-04-12T08:51:21.135+03:00  INFO 22928 --- [FinalProject] [main] org.hibernate.Version                    : HHH000412: Hibernate ORM core version 6.4.4.Final
2024-04-12T08:51:21.176+03:00  INFO 22928 --- [FinalProject] [main] o.h.c.internal.RegionFactoryInitiator    : HHH000026: Second-level cache disabled
2024-04-12T08:51:21.458+03:00  INFO 22928 --- [FinalProject] [main] o.s.o.j.p.SpringPersistenceUnitInfo      : No LoadTimeWeaver setup: ignoring JPA class transformer
2024-04-12T08:51:21.488+03:00  INFO 22928 --- [FinalProject] [main] com.zaxxer.hikari.HikariDataSource       : HikariPool-1 - Starting...
2024-04-12T08:51:21.939+03:00  INFO 22928 --- [FinalProject] [main] com.zaxxer.hikari.pool.HikariPool        : HikariPool-1 - Added connection com.mysql.cj.jdbc.ConnectionImpl@7bfa1eb5
2024-04-12T08:51:21.942+03:00  INFO 22928 --- [FinalProject] [main] com.zaxxer.hikari.HikariDataSource       : HikariPool-1 - Start completed.
2024-04-12T08:51:22.804+03:00  INFO 22928 --- [FinalProject] [main] o.h.m.i.EntityInstantiatorPojoStandard   : HHH000182: No default (no-argument) constructor for class: javau9.ca.db.abc.finalprojectalternativehf.Models.Recipe (class must be instantiated by Interceptor)
2024-04-12T08:51:22.831+03:00  INFO 22928 --- [FinalProject] [main] o.h.m.i.EntityInstantiatorPojoStandard   : HHH000182: No default (no-argument) constructor for class: javau9.ca.db.abc.finalprojectalternativehf.Models.Favorite (class must be instantiated by Interceptor)
2024-04-12T08:51:22.844+03:00  INFO 22928 --- [FinalProject] [main] o.h.m.i.EntityInstantiatorPojoStandard   : HHH000182: No default (no-argument) constructor for class: javau9.ca.db.abc.finalprojectalternativehf.Models.SimpleUser (class must be instantiated by Interceptor)
2024-04-12T08:51:22.854+03:00  INFO 22928 --- [FinalProject] [main] o.h.m.i.EntityInstantiatorPojoStandard   : HHH000182: No default (no-argument) constructor for class: javau9.ca.db.abc.finalprojectalternativehf.Models.Subscription (class must be instantiated by Interceptor)
2024-04-12T08:51:22.872+03:00  INFO 22928 --- [FinalProject] [main] o.h.m.i.EntityInstantiatorPojoStandard   : HHH000182: No default (no-argument) constructor for class: javau9.ca.db.abc.finalprojectalternativehf.Models.Product (class must be instantiated by Interceptor)
2024-04-12T08:51:23.061+03:00  INFO 22928 --- [FinalProject] [main] o.h.e.t.j.p.i.JtaPlatformInitiator       : HHH000489: No JTA platform available (set 'hibernate.transaction.jta.platform' to enable JTA platform integration)
2024-04-12T08:51:24.692+03:00  INFO 22928 --- [FinalProject] [main] j.LocalContainerEntityManagerFactoryBean : Initialized JPA EntityManagerFactory for persistence unit 'default'
2024-04-12T08:51:25.151+03:00  WARN 22928 --- [FinalProject] [main] JpaBaseConfiguration$JpaWebConfiguration : spring.jpa.open-in-view is enabled by default. Therefore, database queries may be performed during view rendering. Explicitly configure spring.jpa.open-in-view to disable this warning
2024-04-12T08:51:25.551+03:00  WARN 22928 --- [FinalProject] [main] .s.s.UserDetailsServiceAutoConfiguration : 

Using generated security password: 8546c1d0-2976-434f-a574-8965b2511079

This generated password is for development use only. Your security configuration must be updated before running your application in production.

2024-04-12T08:51:25.707+03:00  INFO 22928 --- [FinalProject] [main] o.s.s.web.DefaultSecurityFilterChain     : Will secure any request with [org.springframework.security.web.session.DisableEncodeUrlFilter@65029fc, org.springframework.security.web.context.request.async.WebAsyncManagerIntegrationFilter@4865434e, org.springframework.security.web.context.SecurityContextHolderFilter@5f0a5848, org.springframework.security.web.header.HeaderWriterFilter@94b5fe3, org.springframework.web.filter.CorsFilter@3c6e407, org.springframework.security.web.csrf.CsrfFilter@f3c27e9, org.springframework.security.web.authentication.logout.LogoutFilter@6195ce27, org.springframework.security.web.authentication.UsernamePasswordAuthenticationFilter@5e97da56, org.springframework.security.web.authentication.ui.DefaultLoginPageGeneratingFilter@f83616, org.springframework.security.web.authentication.ui.DefaultLogoutPageGeneratingFilter@287dde94, org.springframework.security.web.authentication.www.BasicAuthenticationFilter@4830c979, org.springframework.security.web.savedrequest.RequestCacheAwareFilter@732fa176, org.springframework.security.web.servletapi.SecurityContextHolderAwareRequestFilter@413e8246, org.springframework.security.web.authentication.AnonymousAuthenticationFilter@2f650dae, org.springframework.security.web.access.ExceptionTranslationFilter@7e305953, org.springframework.security.web.access.intercept.AuthorizationFilter@18356d9e]
2024-04-12T08:51:25.787+03:00  INFO 22928 --- [FinalProject] [main] o.s.b.w.embedded.tomcat.TomcatWebServer  : Tomcat started on port 8080 (http) with context path ''
2024-04-12T08:51:25.797+03:00  INFO 22928 --- [FinalProject] [main] j.c.d.a.f.FinalProjectApplication        : Started FinalProjectApplication in 7.447 seconds (process running for 7.967)
2024-04-12T08:52:37.722+03:00  INFO 22928 --- [FinalProject] [http-nio-8080-exec-1] o.a.c.c.C.[Tomcat].[localhost].[/]       : Initializing Spring DispatcherServlet 'dispatcherServlet'
2024-04-12T08:52:37.723+03:00  INFO 22928 --- [FinalProject] [http-nio-8080-exec-1] o.s.web.servlet.DispatcherServlet        : Initializing Servlet 'dispatcherServlet'
2024-04-12T08:52:37.724+03:00  INFO 22928 --- [FinalProject] [http-nio-8080-exec-1] o.s.web.servlet.DispatcherServlet        : Completed initialization in 1 ms
2024-04-12T09:04:26.960+03:00  INFO 22928 --- [FinalProject] [SpringApplicationShutdownHook] j.LocalContainerEntityManagerFactoryBean : Closing JPA EntityManagerFactory for persistence unit 'default'
2024-04-12T09:04:26.963+03:00  INFO 22928 --- [FinalProject] [SpringApplicationShutdownHook] com.zaxxer.hikari.HikariDataSource       : HikariPool-1 - Shutdown initiated...
2024-04-12T09:04:26.978+03:00  INFO 22928 --- [FinalProject] [SpringApplicationShutdownHook] com.zaxxer.hikari.HikariDataSource       : HikariPool-1 - Shutdown completed.
2024-04-12T09:04:31.656+03:00  INFO 21388 --- [FinalProject] [main] j.c.d.a.f.FinalProjectApplication        : Starting FinalProjectApplication using Java 21.0.2 with PID 21388 (C:\JavaProjektai\FinalProject\target\classes started by lenovo in C:\JavaProjektai\FinalProject)
2024-04-12T09:04:31.659+03:00  INFO 21388 --- [FinalProject] [main] j.c.d.a.f.FinalProjectApplication        : No active profile set, falling back to 1 default profile: "default"
2024-04-12T09:04:32.580+03:00  INFO 21388 --- [FinalProject] [main] .s.d.r.c.RepositoryConfigurationDelegate : Bootstrapping Spring Data JPA repositories in DEFAULT mode.
2024-04-12T09:04:32.661+03:00  INFO 21388 --- [FinalProject] [main] .s.d.r.c.RepositoryConfigurationDelegate : Finished Spring Data repository scanning in 68 ms. Found 1 JPA repository interface.
2024-04-12T09:04:33.482+03:00  INFO 21388 --- [FinalProject] [main] o.s.b.w.embedded.tomcat.TomcatWebServer  : Tomcat initialized with port 8080 (http)
2024-04-12T09:04:33.496+03:00  INFO 21388 --- [FinalProject] [main] o.apache.catalina.core.StandardService   : Starting service [Tomcat]
2024-04-12T09:04:33.497+03:00  INFO 21388 --- [FinalProject] [main] o.apache.catalina.core.StandardEngine    : Starting Servlet engine: [Apache Tomcat/10.1.19]
2024-04-12T09:04:33.582+03:00  INFO 21388 --- [FinalProject] [main] o.a.c.c.C.[Tomcat].[localhost].[/]       : Initializing Spring embedded WebApplicationContext
2024-04-12T09:04:33.583+03:00  INFO 21388 --- [FinalProject] [main] w.s.c.ServletWebServerApplicationContext : Root WebApplicationContext: initialization completed in 1855 ms
2024-04-12T09:04:33.782+03:00  INFO 21388 --- [FinalProject] [main] o.hibernate.jpa.internal.util.LogHelper  : HHH000204: Processing PersistenceUnitInfo [name: default]
2024-04-12T09:04:33.860+03:00  INFO 21388 --- [FinalProject] [main] org.hibernate.Version                    : HHH000412: Hibernate ORM core version 6.4.4.Final
2024-04-12T09:04:33.907+03:00  INFO 21388 --- [FinalProject] [main] o.h.c.internal.RegionFactoryInitiator    : HHH000026: Second-level cache disabled
2024-04-12T09:04:34.225+03:00  INFO 21388 --- [FinalProject] [main] o.s.o.j.p.SpringPersistenceUnitInfo      : No LoadTimeWeaver setup: ignoring JPA class transformer
2024-04-12T09:04:34.253+03:00  INFO 21388 --- [FinalProject] [main] com.zaxxer.hikari.HikariDataSource       : HikariPool-1 - Starting...
2024-04-12T09:04:34.682+03:00  INFO 21388 --- [FinalProject] [main] com.zaxxer.hikari.pool.HikariPool        : HikariPool-1 - Added connection com.mysql.cj.jdbc.ConnectionImpl@71e2c6d8
2024-04-12T09:04:34.685+03:00  INFO 21388 --- [FinalProject] [main] com.zaxxer.hikari.HikariDataSource       : HikariPool-1 - Start completed.
2024-04-12T09:04:35.610+03:00  INFO 21388 --- [FinalProject] [main] o.h.m.i.EntityInstantiatorPojoStandard   : HHH000182: No default (no-argument) constructor for class: javau9.ca.db.abc.finalprojectalternativehf.Models.Recipe (class must be instantiated by Interceptor)
2024-04-12T09:04:35.638+03:00  INFO 21388 --- [FinalProject] [main] o.h.m.i.EntityInstantiatorPojoStandard   : HHH000182: No default (no-argument) constructor for class: javau9.ca.db.abc.finalprojectalternativehf.Models.Favorite (class must be instantiated by Interceptor)
2024-04-12T09:04:35.653+03:00  INFO 21388 --- [FinalProject] [main] o.h.m.i.EntityInstantiatorPojoStandard   : HHH000182: No default (no-argument) constructor for class: javau9.ca.db.abc.finalprojectalternativehf.Models.SimpleUser (class must be instantiated by Interceptor)
2024-04-12T09:04:35.663+03:00  INFO 21388 --- [FinalProject] [main] o.h.m.i.EntityInstantiatorPojoStandard   : HHH000182: No default (no-argument) constructor for class: javau9.ca.db.abc.finalprojectalternativehf.Models.Subscription (class must be instantiated by Interceptor)
2024-04-12T09:04:35.673+03:00  INFO 21388 --- [FinalProject] [main] o.h.m.i.EntityInstantiatorPojoStandard   : HHH000182: No default (no-argument) constructor for class: javau9.ca.db.abc.finalprojectalternativehf.Models.Product (class must be instantiated by Interceptor)
2024-04-12T09:04:35.874+03:00  INFO 21388 --- [FinalProject] [main] o.h.e.t.j.p.i.JtaPlatformInitiator       : HHH000489: No JTA platform available (set 'hibernate.transaction.jta.platform' to enable JTA platform integration)
2024-04-12T09:04:35.972+03:00  INFO 21388 --- [FinalProject] [main] j.LocalContainerEntityManagerFactoryBean : Initialized JPA EntityManagerFactory for persistence unit 'default'
2024-04-12T09:04:36.331+03:00  WARN 21388 --- [FinalProject] [main] JpaBaseConfiguration$JpaWebConfiguration : spring.jpa.open-in-view is enabled by default. Therefore, database queries may be performed during view rendering. Explicitly configure spring.jpa.open-in-view to disable this warning
2024-04-12T09:04:36.750+03:00  INFO 21388 --- [FinalProject] [main] o.s.b.w.embedded.tomcat.TomcatWebServer  : Tomcat started on port 8080 (http) with context path ''
2024-04-12T09:04:36.759+03:00  INFO 21388 --- [FinalProject] [main] j.c.d.a.f.FinalProjectApplication        : Started FinalProjectApplication in 5.701 seconds (process running for 6.275)
2024-04-12T09:04:47.442+03:00  INFO 21388 --- [FinalProject] [http-nio-8080-exec-2] o.a.c.c.C.[Tomcat].[localhost].[/]       : Initializing Spring DispatcherServlet 'dispatcherServlet'
2024-04-12T09:04:47.442+03:00  INFO 21388 --- [FinalProject] [http-nio-8080-exec-2] o.s.web.servlet.DispatcherServlet        : Initializing Servlet 'dispatcherServlet'
2024-04-12T09:04:47.444+03:00  INFO 21388 --- [FinalProject] [http-nio-8080-exec-2] o.s.web.servlet.DispatcherServlet        : Completed initialization in 2 ms
2024-04-12T09:04:47.692+03:00 DEBUG 21388 --- [FinalProject] [http-nio-8080-exec-2] org.hibernate.SQL                        : insert into users (created_at,email,password,username) values (?,?,?,?)
2024-04-12T09:14:41.178+03:00  INFO 21388 --- [FinalProject] [SpringApplicationShutdownHook] j.LocalContainerEntityManagerFactoryBean : Closing JPA EntityManagerFactory for persistence unit 'default'
2024-04-12T09:14:41.181+03:00  INFO 21388 --- [FinalProject] [SpringApplicationShutdownHook] com.zaxxer.hikari.HikariDataSource       : HikariPool-1 - Shutdown initiated...
2024-04-12T09:14:41.195+03:00  INFO 21388 --- [FinalProject] [SpringApplicationShutdownHook] com.zaxxer.hikari.HikariDataSource       : HikariPool-1 - Shutdown completed.
2024-04-12T09:14:45.113+03:00  INFO 2952 --- [FinalProject] [main] j.c.d.a.f.FinalProjectApplication        : Starting FinalProjectApplication using Java 21.0.2 with PID 2952 (C:\JavaProjektai\FinalProject\target\classes started by lenovo in C:\JavaProjektai\FinalProject)
2024-04-12T09:14:45.116+03:00  INFO 2952 --- [FinalProject] [main] j.c.d.a.f.FinalProjectApplication        : No active profile set, falling back to 1 default profile: "default"
2024-04-12T09:14:46.156+03:00  INFO 2952 --- [FinalProject] [main] .s.d.r.c.RepositoryConfigurationDelegate : Bootstrapping Spring Data JPA repositories in DEFAULT mode.
2024-04-12T09:14:46.242+03:00  INFO 2952 --- [FinalProject] [main] .s.d.r.c.RepositoryConfigurationDelegate : Finished Spring Data repository scanning in 73 ms. Found 1 JPA repository interface.
2024-04-12T09:14:46.960+03:00  INFO 2952 --- [FinalProject] [main] o.s.b.w.embedded.tomcat.TomcatWebServer  : Tomcat initialized with port 8080 (http)
2024-04-12T09:14:46.973+03:00  INFO 2952 --- [FinalProject] [main] o.apache.catalina.core.StandardService   : Starting service [Tomcat]
2024-04-12T09:14:46.974+03:00  INFO 2952 --- [FinalProject] [main] o.apache.catalina.core.StandardEngine    : Starting Servlet engine: [Apache Tomcat/10.1.19]
2024-04-12T09:14:47.040+03:00  INFO 2952 --- [FinalProject] [main] o.a.c.c.C.[Tomcat].[localhost].[/]       : Initializing Spring embedded WebApplicationContext
2024-04-12T09:14:47.040+03:00  INFO 2952 --- [FinalProject] [main] w.s.c.ServletWebServerApplicationContext : Root WebApplicationContext: initialization completed in 1859 ms
2024-04-12T09:14:47.259+03:00  INFO 2952 --- [FinalProject] [main] o.hibernate.jpa.internal.util.LogHelper  : HHH000204: Processing PersistenceUnitInfo [name: default]
2024-04-12T09:14:47.334+03:00  INFO 2952 --- [FinalProject] [main] org.hibernate.Version                    : HHH000412: Hibernate ORM core version 6.4.4.Final
2024-04-12T09:14:47.385+03:00  INFO 2952 --- [FinalProject] [main] o.h.c.internal.RegionFactoryInitiator    : HHH000026: Second-level cache disabled
2024-04-12T09:14:47.725+03:00  INFO 2952 --- [FinalProject] [main] o.s.o.j.p.SpringPersistenceUnitInfo      : No LoadTimeWeaver setup: ignoring JPA class transformer
2024-04-12T09:14:47.753+03:00  INFO 2952 --- [FinalProject] [main] com.zaxxer.hikari.HikariDataSource       : HikariPool-1 - Starting...
2024-04-12T09:14:48.228+03:00  INFO 2952 --- [FinalProject] [main] com.zaxxer.hikari.pool.HikariPool        : HikariPool-1 - Added connection com.mysql.cj.jdbc.ConnectionImpl@7afbf2a0
2024-04-12T09:14:48.231+03:00  INFO 2952 --- [FinalProject] [main] com.zaxxer.hikari.HikariDataSource       : HikariPool-1 - Start completed.
2024-04-12T09:14:49.139+03:00  INFO 2952 --- [FinalProject] [main] o.h.m.i.EntityInstantiatorPojoStandard   : HHH000182: No default (no-argument) constructor for class: javau9.ca.db.abc.finalprojectalternativehf.Models.Recipe (class must be instantiated by Interceptor)
2024-04-12T09:14:49.168+03:00  INFO 2952 --- [FinalProject] [main] o.h.m.i.EntityInstantiatorPojoStandard   : HHH000182: No default (no-argument) constructor for class: javau9.ca.db.abc.finalprojectalternativehf.Models.Favorite (class must be instantiated by Interceptor)
2024-04-12T09:14:49.183+03:00  INFO 2952 --- [FinalProject] [main] o.h.m.i.EntityInstantiatorPojoStandard   : HHH000182: No default (no-argument) constructor for class: javau9.ca.db.abc.finalprojectalternativehf.Models.SimpleUser (class must be instantiated by Interceptor)
2024-04-12T09:14:49.195+03:00  INFO 2952 --- [FinalProject] [main] o.h.m.i.EntityInstantiatorPojoStandard   : HHH000182: No default (no-argument) constructor for class: javau9.ca.db.abc.finalprojectalternativehf.Models.Subscription (class must be instantiated by Interceptor)
2024-04-12T09:14:49.208+03:00  INFO 2952 --- [FinalProject] [main] o.h.m.i.EntityInstantiatorPojoStandard   : HHH000182: No default (no-argument) constructor for class: javau9.ca.db.abc.finalprojectalternativehf.Models.Product (class must be instantiated by Interceptor)
2024-04-12T09:14:49.426+03:00  INFO 2952 --- [FinalProject] [main] o.h.e.t.j.p.i.JtaPlatformInitiator       : HHH000489: No JTA platform available (set 'hibernate.transaction.jta.platform' to enable JTA platform integration)
2024-04-12T09:14:49.514+03:00  INFO 2952 --- [FinalProject] [main] j.LocalContainerEntityManagerFactoryBean : Initialized JPA EntityManagerFactory for persistence unit 'default'
2024-04-12T09:14:49.895+03:00  WARN 2952 --- [FinalProject] [main] JpaBaseConfiguration$JpaWebConfiguration : spring.jpa.open-in-view is enabled by default. Therefore, database queries may be performed during view rendering. Explicitly configure spring.jpa.open-in-view to disable this warning
2024-04-12T09:14:50.337+03:00  INFO 2952 --- [FinalProject] [main] o.s.b.w.embedded.tomcat.TomcatWebServer  : Tomcat started on port 8080 (http) with context path ''
2024-04-12T09:14:50.348+03:00  INFO 2952 --- [FinalProject] [main] j.c.d.a.f.FinalProjectApplication        : Started FinalProjectApplication in 5.863 seconds (process running for 6.435)
2024-04-12T09:15:10.825+03:00  INFO 2952 --- [FinalProject] [http-nio-8080-exec-1] o.a.c.c.C.[Tomcat].[localhost].[/]       : Initializing Spring DispatcherServlet 'dispatcherServlet'
2024-04-12T09:15:10.825+03:00  INFO 2952 --- [FinalProject] [http-nio-8080-exec-1] o.s.web.servlet.DispatcherServlet        : Initializing Servlet 'dispatcherServlet'
2024-04-12T09:15:10.826+03:00  INFO 2952 --- [FinalProject] [http-nio-8080-exec-1] o.s.web.servlet.DispatcherServlet        : Completed initialization in 1 ms
2024-04-12T09:15:11.024+03:00 DEBUG 2952 --- [FinalProject] [http-nio-8080-exec-2] org.hibernate.SQL                        : insert into users (created_at,email,password,username) values (?,?,?,?)
